  Source.cpp
C:\Users\ASUS\source\repos\Project38\Project38\Source.cpp(18,12): warning C4244: 'argument': conversion from 'int' to 'GLfloat', possible loss of data
C:\Users\ASUS\source\repos\Project38\Project38\Source.cpp(19,12): warning C4244: 'argument': conversion from 'int' to 'GLfloat', possible loss of data
C:\Users\ASUS\source\repos\Project38\Project38\Source.cpp(22,29): warning C4305: 'argument': truncation from 'double' to 'GLfloat'
C:\Users\ASUS\source\repos\Project38\Project38\Source.cpp(25,29): warning C4305: 'argument': truncation from 'double' to 'GLfloat'
C:\Users\ASUS\source\repos\Project38\Project38\Source.cpp(32,29): warning C4305: 'argument': truncation from 'double' to 'GLfloat'
C:\Users\ASUS\source\repos\Project38\Project38\Source.cpp(36,29): warning C4305: 'argument': truncation from 'double' to 'GLfloat'
C:\Users\ASUS\source\repos\Project38\Project38\Source.cpp(46,25): warning C4305: 'argument': truncation from 'double' to 'GLfloat'
C:\Users\ASUS\source\repos\Project38\Project38\Source.cpp(50,25): warning C4305: 'argument': truncation from 'double' to 'GLfloat'
C:\Users\ASUS\source\repos\Project38\Project38\Source.cpp(60,25): warning C4305: 'argument': truncation from 'double' to 'GLfloat'
C:\Users\ASUS\source\repos\Project38\Project38\Source.cpp(64,25): warning C4305: 'argument': truncation from 'double' to 'GLfloat'
C:\Users\ASUS\source\repos\Project38\Project38\Source.cpp(71,25): warning C4305: 'argument': truncation from 'double' to 'GLfloat'
C:\Users\ASUS\source\repos\Project38\Project38\Source.cpp(75,25): warning C4305: 'argument': truncation from 'double' to 'GLfloat'
C:\Users\ASUS\source\repos\Project38\Project38\Source.cpp(79,25): warning C4305: 'argument': truncation from 'double' to 'GLfloat'
C:\Users\ASUS\source\repos\Project38\Project38\Source.cpp(83,25): warning C4305: 'argument': truncation from 'double' to 'GLfloat'
C:\Users\ASUS\source\repos\Project38\Project38\Source.cpp(93,25): warning C4305: 'argument': truncation from 'double' to 'GLfloat'
C:\Users\ASUS\source\repos\Project38\Project38\Source.cpp(97,25): warning C4305: 'argument': truncation from 'double' to 'GLfloat'
C:\Users\ASUS\source\repos\Project38\Project38\Source.cpp(107,25): warning C4305: 'argument': truncation from 'double' to 'GLfloat'
C:\Users\ASUS\source\repos\Project38\Project38\Source.cpp(111,25): warning C4305: 'argument': truncation from 'double' to 'GLfloat'
C:\Users\ASUS\source\repos\Project38\Project38\Source.cpp(121,25): warning C4305: 'argument': truncation from 'double' to 'GLfloat'
C:\Users\ASUS\source\repos\Project38\Project38\Source.cpp(125,25): warning C4305: 'argument': truncation from 'double' to 'GLfloat'
C:\Users\ASUS\source\repos\Project38\Project38\Source.cpp(135,25): warning C4305: 'argument': truncation from 'double' to 'GLfloat'
C:\Users\ASUS\source\repos\Project38\Project38\Source.cpp(139,25): warning C4305: 'argument': truncation from 'double' to 'GLfloat'
C:\Users\ASUS\source\repos\Project38\Project38\Source.cpp(149,25): warning C4305: 'argument': truncation from 'double' to 'GLfloat'
C:\Users\ASUS\source\repos\Project38\Project38\Source.cpp(153,25): warning C4305: 'argument': truncation from 'double' to 'GLfloat'
C:\Users\ASUS\source\repos\Project38\Project38\Source.cpp(157,25): warning C4305: 'argument': truncation from 'double' to 'GLfloat'
C:\Users\ASUS\source\repos\Project38\Project38\Source.cpp(161,25): warning C4305: 'argument': truncation from 'double' to 'GLfloat'
C:\Users\ASUS\source\repos\Project38\Project38\Source.cpp(171,25): warning C4305: 'argument': truncation from 'double' to 'GLfloat'
C:\Users\ASUS\source\repos\Project38\Project38\Source.cpp(175,25): warning C4305: 'argument': truncation from 'double' to 'GLfloat'
C:\Users\ASUS\source\repos\Project38\Project38\Source.cpp(182,25): warning C4305: 'argument': truncation from 'double' to 'GLfloat'
C:\Users\ASUS\source\repos\Project38\Project38\Source.cpp(186,25): warning C4305: 'argument': truncation from 'double' to 'GLfloat'
C:\Users\ASUS\source\repos\Project38\Project38\Source.cpp(193,25): warning C4305: 'argument': truncation from 'double' to 'GLfloat'
C:\Users\ASUS\source\repos\Project38\Project38\Source.cpp(197,25): warning C4305: 'argument': truncation from 'double' to 'GLfloat'
C:\Users\ASUS\source\repos\Project38\Project38\Source.cpp(207,25): warning C4305: 'argument': truncation from 'double' to 'GLfloat'
C:\Users\ASUS\source\repos\Project38\Project38\Source.cpp(211,25): warning C4305: 'argument': truncation from 'double' to 'GLfloat'
C:\Users\ASUS\source\repos\Project38\Project38\Source.cpp(221,25): warning C4305: 'argument': truncation from 'double' to 'GLfloat'
C:\Users\ASUS\source\repos\Project38\Project38\Source.cpp(225,25): warning C4305: 'argument': truncation from 'double' to 'GLfloat'
C:\Users\ASUS\source\repos\Project38\Project38\Source.cpp(232,25): warning C4305: 'argument': truncation from 'double' to 'GLfloat'
C:\Users\ASUS\source\repos\Project38\Project38\Source.cpp(236,25): warning C4305: 'argument': truncation from 'double' to 'GLfloat'
C:\Users\ASUS\source\repos\Project38\Project38\Source.cpp(249,25): warning C4305: 'argument': truncation from 'double' to 'GLfloat'
C:\Users\ASUS\source\repos\Project38\Project38\Source.cpp(253,25): warning C4305: 'argument': truncation from 'double' to 'GLfloat'
C:\Users\ASUS\source\repos\Project38\Project38\Source.cpp(269,25): warning C4305: 'argument': truncation from 'double' to 'GLfloat'
C:\Users\ASUS\source\repos\Project38\Project38\Source.cpp(273,25): warning C4305: 'argument': truncation from 'double' to 'GLfloat'
C:\Users\ASUS\source\repos\Project38\Project38\Source.cpp(289,25): warning C4305: 'argument': truncation from 'double' to 'GLfloat'
C:\Users\ASUS\source\repos\Project38\Project38\Source.cpp(293,25): warning C4305: 'argument': truncation from 'double' to 'GLfloat'
C:\Users\ASUS\source\repos\Project38\Project38\Source.cpp(303,25): warning C4305: 'argument': truncation from 'double' to 'GLfloat'
C:\Users\ASUS\source\repos\Project38\Project38\Source.cpp(307,25): warning C4305: 'argument': truncation from 'double' to 'GLfloat'
C:\Users\ASUS\source\repos\Project38\Project38\Source.cpp(317,25): warning C4305: 'argument': truncation from 'double' to 'GLfloat'
C:\Users\ASUS\source\repos\Project38\Project38\Source.cpp(321,25): warning C4305: 'argument': truncation from 'double' to 'GLfloat'
C:\Users\ASUS\source\repos\Project38\Project38\Source.cpp(331,25): warning C4305: 'argument': truncation from 'double' to 'GLfloat'
C:\Users\ASUS\source\repos\Project38\Project38\Source.cpp(335,25): warning C4305: 'argument': truncation from 'double' to 'GLfloat'
C:\Users\ASUS\source\repos\Project38\Project38\Source.cpp(345,25): warning C4305: 'argument': truncation from 'double' to 'GLfloat'
C:\Users\ASUS\source\repos\Project38\Project38\Source.cpp(349,25): warning C4305: 'argument': truncation from 'double' to 'GLfloat'
C:\Users\ASUS\source\repos\Project38\Project38\Source.cpp(359,25): warning C4305: 'argument': truncation from 'double' to 'GLfloat'
C:\Users\ASUS\source\repos\Project38\Project38\Source.cpp(363,25): warning C4305: 'argument': truncation from 'double' to 'GLfloat'
C:\Users\ASUS\source\repos\Project38\Project38\Source.cpp(367,25): warning C4305: 'argument': truncation from 'double' to 'GLfloat'
C:\Users\ASUS\source\repos\Project38\Project38\Source.cpp(371,25): warning C4305: 'argument': truncation from 'double' to 'GLfloat'
C:\Users\ASUS\source\repos\Project38\Project38\Source.cpp(381,25): warning C4305: 'argument': truncation from 'double' to 'GLfloat'
C:\Users\ASUS\source\repos\Project38\Project38\Source.cpp(385,25): warning C4305: 'argument': truncation from 'double' to 'GLfloat'
C:\Users\ASUS\source\repos\Project38\Project38\Source.cpp(392,25): warning C4305: 'argument': truncation from 'double' to 'GLfloat'
C:\Users\ASUS\source\repos\Project38\Project38\Source.cpp(396,25): warning C4305: 'argument': truncation from 'double' to 'GLfloat'
C:\Users\ASUS\source\repos\Project38\Project38\Source.cpp(403,25): warning C4305: 'argument': truncation from 'double' to 'GLfloat'
C:\Users\ASUS\source\repos\Project38\Project38\Source.cpp(407,25): warning C4305: 'argument': truncation from 'double' to 'GLfloat'
C:\Users\ASUS\source\repos\Project38\Project38\Source.cpp(418,30): warning C4305: 'argument': truncation from 'double' to 'GLfloat'
C:\Users\ASUS\source\repos\Project38\Project38\Source.cpp(420,25): warning C4305: 'argument': truncation from 'double' to 'GLfloat'
C:\Users\ASUS\source\repos\Project38\Project38\Source.cpp(426,30): warning C4305: 'argument': truncation from 'double' to 'GLfloat'
C:\Users\ASUS\source\repos\Project38\Project38\Source.cpp(429,25): warning C4305: 'argument': truncation from 'double' to 'GLfloat'
C:\Users\ASUS\source\repos\Project38\Project38\Source.cpp(439,25): warning C4305: 'argument': truncation from 'double' to 'GLfloat'
C:\Users\ASUS\source\repos\Project38\Project38\Source.cpp(443,25): warning C4305: 'argument': truncation from 'double' to 'GLfloat'
C:\Users\ASUS\source\repos\Project38\Project38\Source.cpp(450,25): warning C4305: 'argument': truncation from 'double' to 'GLfloat'
C:\Users\ASUS\source\repos\Project38\Project38\Source.cpp(454,25): warning C4305: 'argument': truncation from 'double' to 'GLfloat'
C:\Users\ASUS\source\repos\Project38\Project38\Source.cpp(461,25): warning C4305: 'argument': truncation from 'double' to 'GLfloat'
C:\Users\ASUS\source\repos\Project38\Project38\Source.cpp(465,25): warning C4305: 'argument': truncation from 'double' to 'GLfloat'
C:\Users\ASUS\source\repos\Project38\Project38\Source.cpp(475,25): warning C4305: 'argument': truncation from 'double' to 'GLfloat'
C:\Users\ASUS\source\repos\Project38\Project38\Source.cpp(479,25): warning C4305: 'argument': truncation from 'double' to 'GLfloat'
C:\Users\ASUS\source\repos\Project38\Project38\Source.cpp(483,25): warning C4305: 'argument': truncation from 'double' to 'GLfloat'
C:\Users\ASUS\source\repos\Project38\Project38\Source.cpp(487,25): warning C4305: 'argument': truncation from 'double' to 'GLfloat'
C:\Users\ASUS\source\repos\Project38\Project38\Source.cpp(497,25): warning C4305: 'argument': truncation from 'double' to 'GLfloat'
C:\Users\ASUS\source\repos\Project38\Project38\Source.cpp(501,25): warning C4305: 'argument': truncation from 'double' to 'GLfloat'
C:\Users\ASUS\source\repos\Project38\Project38\Source.cpp(511,25): warning C4305: 'argument': truncation from 'double' to 'GLfloat'
C:\Users\ASUS\source\repos\Project38\Project38\Source.cpp(515,25): warning C4305: 'argument': truncation from 'double' to 'GLfloat'
C:\Users\ASUS\source\repos\Project38\Project38\Source.cpp(525,25): warning C4305: 'argument': truncation from 'double' to 'GLfloat'
C:\Users\ASUS\source\repos\Project38\Project38\Source.cpp(529,25): warning C4305: 'argument': truncation from 'double' to 'GLfloat'
C:\Users\ASUS\source\repos\Project38\Project38\Source.cpp(539,25): warning C4305: 'argument': truncation from 'double' to 'GLfloat'
C:\Users\ASUS\source\repos\Project38\Project38\Source.cpp(543,25): warning C4305: 'argument': truncation from 'double' to 'GLfloat'
C:\Users\ASUS\source\repos\Project38\Project38\Source.cpp(553,25): warning C4305: 'argument': truncation from 'double' to 'GLfloat'
C:\Users\ASUS\source\repos\Project38\Project38\Source.cpp(557,25): warning C4305: 'argument': truncation from 'double' to 'GLfloat'
C:\Users\ASUS\source\repos\Project38\Project38\Source.cpp(573,25): warning C4305: 'argument': truncation from 'double' to 'GLfloat'
C:\Users\ASUS\source\repos\Project38\Project38\Source.cpp(577,25): warning C4305: 'argument': truncation from 'double' to 'GLfloat'
C:\Users\ASUS\source\repos\Project38\Project38\Source.cpp(593,25): warning C4305: 'argument': truncation from 'double' to 'GLfloat'
C:\Users\ASUS\source\repos\Project38\Project38\Source.cpp(597,25): warning C4305: 'argument': truncation from 'double' to 'GLfloat'
C:\Users\ASUS\source\repos\Project38\Project38\Source.cpp(610,25): warning C4305: 'argument': truncation from 'double' to 'GLfloat'
C:\Users\ASUS\source\repos\Project38\Project38\Source.cpp(614,25): warning C4305: 'argument': truncation from 'double' to 'GLfloat'
C:\Users\ASUS\source\repos\Project38\Project38\Source.cpp(621,25): warning C4305: 'argument': truncation from 'double' to 'GLfloat'
C:\Users\ASUS\source\repos\Project38\Project38\Source.cpp(625,25): warning C4305: 'argument': truncation from 'double' to 'GLfloat'
C:\Users\ASUS\source\repos\Project38\Project38\Source.cpp(635,25): warning C4305: 'argument': truncation from 'double' to 'GLfloat'
C:\Users\ASUS\source\repos\Project38\Project38\Source.cpp(639,25): warning C4305: 'argument': truncation from 'double' to 'GLfloat'
C:\Users\ASUS\source\repos\Project38\Project38\Source.cpp(649,25): warning C4305: 'argument': truncation from 'double' to 'GLfloat'
C:\Users\ASUS\source\repos\Project38\Project38\Source.cpp(653,25): warning C4305: 'argument': truncation from 'double' to 'GLfloat'
C:\Users\ASUS\source\repos\Project38\Project38\Source.cpp(660,25): warning C4305: 'argument': truncation from 'double' to 'GLfloat'
C:\Users\ASUS\source\repos\Project38\Project38\Source.cpp(664,25): warning C4305: 'argument': truncation from 'double' to 'GLfloat'
C:\Users\ASUS\source\repos\Project38\Project38\Source.cpp(671,25): warning C4305: 'argument': truncation from 'double' to 'GLfloat'
C:\Users\ASUS\source\repos\Project38\Project38\Source.cpp(675,25): warning C4305: 'argument': truncation from 'double' to 'GLfloat'
C:\Users\ASUS\source\repos\Project38\Project38\Source.cpp(685,25): warning C4305: 'argument': truncation from 'double' to 'GLfloat'
C:\Users\ASUS\source\repos\Project38\Project38\Source.cpp(689,25): warning C4305: 'argument': truncation from 'double' to 'GLfloat'
C:\Users\ASUS\source\repos\Project38\Project38\Source.cpp(693,25): warning C4305: 'argument': truncation from 'double' to 'GLfloat'
C:\Users\ASUS\source\repos\Project38\Project38\Source.cpp(697,25): warning C4305: 'argument': truncation from 'double' to 'GLfloat'
C:\Users\ASUS\source\repos\Project38\Project38\Source.cpp(707,25): warning C4305: 'argument': truncation from 'double' to 'GLfloat'
C:\Users\ASUS\source\repos\Project38\Project38\Source.cpp(711,25): warning C4305: 'argument': truncation from 'double' to 'GLfloat'
C:\Users\ASUS\source\repos\Project38\Project38\Source.cpp(721,25): warning C4305: 'argument': truncation from 'double' to 'GLfloat'
C:\Users\ASUS\source\repos\Project38\Project38\Source.cpp(725,25): warning C4305: 'argument': truncation from 'double' to 'GLfloat'
C:\Users\ASUS\source\repos\Project38\Project38\Source.cpp(735,25): warning C4305: 'argument': truncation from 'double' to 'GLfloat'
C:\Users\ASUS\source\repos\Project38\Project38\Source.cpp(739,25): warning C4305: 'argument': truncation from 'double' to 'GLfloat'
C:\Users\ASUS\source\repos\Project38\Project38\Source.cpp(749,25): warning C4305: 'argument': truncation from 'double' to 'GLfloat'
C:\Users\ASUS\source\repos\Project38\Project38\Source.cpp(753,25): warning C4305: 'argument': truncation from 'double' to 'GLfloat'
C:\Users\ASUS\source\repos\Project38\Project38\Source.cpp(763,25): warning C4305: 'argument': truncation from 'double' to 'GLfloat'
C:\Users\ASUS\source\repos\Project38\Project38\Source.cpp(767,25): warning C4305: 'argument': truncation from 'double' to 'GLfloat'
C:\Users\ASUS\source\repos\Project38\Project38\Source.cpp(771,25): warning C4305: 'argument': truncation from 'double' to 'GLfloat'
C:\Users\ASUS\source\repos\Project38\Project38\Source.cpp(775,25): warning C4305: 'argument': truncation from 'double' to 'GLfloat'
C:\Users\ASUS\source\repos\Project38\Project38\Source.cpp(782,25): warning C4305: 'argument': truncation from 'double' to 'GLfloat'
C:\Users\ASUS\source\repos\Project38\Project38\Source.cpp(786,25): warning C4305: 'argument': truncation from 'double' to 'GLfloat'
C:\Users\ASUS\source\repos\Project38\Project38\Source.cpp(796,25): warning C4305: 'argument': truncation from 'double' to 'GLfloat'
C:\Users\ASUS\source\repos\Project38\Project38\Source.cpp(800,25): warning C4305: 'argument': truncation from 'double' to 'GLfloat'
C:\Users\ASUS\source\repos\Project38\Project38\Source.cpp(810,25): warning C4305: 'argument': truncation from 'double' to 'GLfloat'
C:\Users\ASUS\source\repos\Project38\Project38\Source.cpp(814,25): warning C4305: 'argument': truncation from 'double' to 'GLfloat'
C:\Users\ASUS\source\repos\Project38\Project38\Source.cpp(821,25): warning C4305: 'argument': truncation from 'double' to 'GLfloat'
C:\Users\ASUS\source\repos\Project38\Project38\Source.cpp(825,31): warning C4305: 'argument': truncation from 'double' to 'GLfloat'
C:\Users\ASUS\source\repos\Project38\Project38\Source.cpp(1510,12): warning C4244: 'argument': conversion from 'int' to 'GLfloat', possible loss of data
C:\Users\ASUS\source\repos\Project38\Project38\Source.cpp(1511,12): warning C4244: 'argument': conversion from 'int' to 'GLfloat', possible loss of data
C:\Users\ASUS\source\repos\Project38\Project38\Source.cpp(1512,39): warning C4244: 'argument': conversion from 'int' to 'GLfloat', possible loss of data
C:\Users\ASUS\source\repos\Project38\Project38\Source.cpp(1512,22): warning C4244: 'argument': conversion from 'int' to 'GLfloat', possible loss of data
C:\Users\ASUS\source\repos\Project38\Project38\Source.cpp(1513,25): warning C4305: 'argument': truncation from 'double' to 'GLfloat'
C:\Users\ASUS\source\repos\Project38\Project38\Source.cpp(1556,34): warning C4244: '+=': conversion from 'double' to 'int', possible loss of data
C:\Users\ASUS\source\repos\Project38\Project38\Source.cpp(1561,34): warning C4244: '-=': conversion from 'double' to 'int', possible loss of data
C:\Users\ASUS\source\repos\Project38\Project38\Source.cpp(1567,34): warning C4244: '+=': conversion from 'double' to 'int', possible loss of data
C:\Users\ASUS\source\repos\Project38\Project38\Source.cpp(1572,34): warning C4244: '-=': conversion from 'double' to 'int', possible loss of data
C:\Users\ASUS\source\repos\Project38\Project38\Source.cpp(1663,1): warning C4326: return type of 'main' should be 'int' instead of 'void'
  Project38.vcxproj -> C:\Users\ASUS\source\repos\Project38\x64\Debug\Project38.exe
